<?xml version="1.0" encoding="UTF-8"?>
<!-- Generated by org.testng.reporters.JUnitXMLReporter -->
<testsuite hostname="IBM-Testing01" name="Test" tests="1" failures="0" timestamp="8 Jan 2020 09:57:59 GMT" time="0.047" errors="0">
  <testcase name="@BeforeTest setup" time="0.0" classname="ParallelTestingDemo.ParallelTestingTest">
    <failure type="org.testng.TestNGException" message="
Parameter &amp;apos;browser&amp;apos; is required by @Configuration on method setup but has not been marked @Optional or defined
in D:\Selenium\TestNGPackage\ParallelTestng.xml">
      <![CDATA[org.testng.TestNGException: 
Parameter 'browser' is required by @Configuration on method setup but has not been marked @Optional or defined
in D:\Selenium\TestNGPackage\ParallelTestng.xml
... Removed 19 stack frames]]>
    </failure>
  </testcase> <!-- @BeforeTest setup -->
  <testcase name="login" time="0.0" classname="ParallelTestingDemo.ParallelTestingTest">
    <skipped/>
  </testcase> <!-- login -->
</testsuite> <!-- Test -->
